src/app/api/claims/[id]/workflow/route.ts(22,30): error TS2345: Argument of type '(req: NextRequest, user: User, context: Record<string, unknown>) => Promise<NextResponse<{ success: boolean; error: string; }> | NextResponse<{ success: boolean; data: Json | unknown[] | undefined; }>>' is not assignable to parameter of type '(req: NextRequest, user: User, context?: unknown) => Promise<Response>'.
  Types of parameters 'context' and 'context' are incompatible.
    Type 'unknown' is not assignable to type 'Record<string, unknown>'.
src/app/api/claims/[id]/workflow/route.ts(63,9): error TS2322: Type 'boolean | null' is not assignable to type 'boolean'.
  Type 'null' is not assignable to type 'boolean'.
src/app/api/claims/[id]/workflow/route.ts(72,69): error TS2345: Argument of type '"assign_workflow_to_claim"' is not assignable to parameter of type '"create_brand_and_set_admin" | "create_workflow_and_log_invitations" | "delete_brand_and_dependents" | "delete_template_and_update_content" | "delete_user_and_reassign_tasks" | ... 12 more ... | "update_workflow_and_handle_invites_invoker_version_temp"'.
src/app/api/claims/[id]/workflow/route.ts(93,29): error TS2345: Argument of type '(req: NextRequest, user: User, context: Record<string, unknown>) => Promise<NextResponse<{ success: boolean; error: string; }> | NextResponse<{ success: boolean; data: Json | unknown[] | undefined; }>>' is not assignable to parameter of type '(req: NextRequest, user: User, context?: unknown) => Promise<Response>'.
  Types of parameters 'context' and 'context' are incompatible.
    Type 'unknown' is not assignable to type 'Record<string, unknown>'.
src/app/api/claims/[id]/workflow/route.ts(121,16): error TS2339: Property 'current_workflow_step' does not exist on type 'SelectQueryError<"column 'current_workflow_step' does not exist on 'claims'.">'.
src/app/api/claims/[id]/workflow/route.ts(126,28): error TS2339: Property 'workflow_steps' does not exist on type 'SelectQueryError<"column 'current_workflow_step' does not exist on 'claims'.">'.
src/app/api/claims/[id]/workflow/route.ts(134,69): error TS2345: Argument of type '"advance_claim_workflow"' is not assignable to parameter of type '"create_brand_and_set_admin" | "create_workflow_and_log_invitations" | "delete_brand_and_dependents" | "delete_template_and_update_content" | "delete_user_and_reassign_tasks" | ... 12 more ... | "update_workflow_and_handle_invites_invoker_version_temp"'.
src/app/api/claims/[id]/workflow/route.ts(157,29): error TS2345: Argument of type '(_req: NextRequest, user: User, context: Record<string, unknown>) => Promise<NextResponse<{ success: boolean; isMockData: boolean; data: never[]; }> | NextResponse<{ success: boolean; error: string; }> | NextResponse<...>>' is not assignable to parameter of type '(req: NextRequest, user: User, context?: unknown) => Promise<Response>'.
  Types of parameters 'context' and 'context' are incompatible.
    Type 'unknown' is not assignable to type 'Record<string, unknown>'.
src/app/api/claims/[id]/workflow/route.ts(194,13): error TS2769: No overload matches this call.
  Overload 1 of 2, '(relation: "analytics" | "content" | "brand_selected_agencies" | "content_vetting_agencies" | "brands" | "profiles" | "master_claim_brands" | "claims" | "ingredients" | "products" | ... 18 more ... | "workflow_user_assignments"): PostgrestQueryBuilder<...>', gave the following error.
    Argument of type '"claim_workflow_history"' is not assignable to parameter of type '"analytics" | "content" | "brand_selected_agencies" | "content_vetting_agencies" | "brands" | "profiles" | "master_claim_brands" | "claims" | "ingredients" | "products" | ... 18 more ... | "workflow_user_assignments"'.
  Overload 2 of 2, '(relation: "profiles_view"): PostgrestQueryBuilder<{ Tables: { analytics: { Row: { content_id: string | null; created_at: string | null; id: string; likes: number | null; shares: number | null; updated_at: string | null; views: number | null; }; Insert: { ...; }; Update: { ...; }; Relationships: [...]; }; ... 27 more ...; workflows: { ...; }; }; Views: { ...; }; Functions: { ...; }; Enums: { ...; }; CompositeTypes: {}; }, { ...; }, "profiles_view", []>', gave the following error.
    Argument of type '"claim_workflow_history"' is not assignable to parameter of type '"profiles_view"'.
src/app/api/claims/pending-approval/route.ts(72,7): error TS2698: Spread types may only be created from object types.
src/app/api/claims/pending-approval/route.ts(73,28): error TS2339: Property 'workflows' does not exist on type 'SelectQueryError<"column 'workflow_id' does not exist on 'claims'.">'.
src/app/api/claims/pending-approval/route.ts(74,32): error TS2339: Property 'workflow_steps' does not exist on type 'SelectQueryError<"column 'workflow_id' does not exist on 'claims'.">'.
src/app/api/claims/pending-approval/route.ts(75,32): error TS2339: Property 'workflow_steps' does not exist on type 'SelectQueryError<"column 'workflow_id' does not exist on 'claims'.">'.
src/app/api/claims/pending-approval/route.ts(76,27): error TS2339: Property 'profiles' does not exist on type 'SelectQueryError<"column 'workflow_id' does not exist on 'claims'.">'.
src/app/api/claims/pending-approval/route.ts(77,26): error TS2339: Property 'level' does not exist on type 'SelectQueryError<"column 'workflow_id' does not exist on 'claims'.">'.
src/app/api/claims/pending-approval/route.ts(77,52): error TS2339: Property 'master_claim_brands' does not exist on type 'SelectQueryError<"column 'workflow_id' does not exist on 'claims'.">'.
src/app/api/claims/pending-approval/route.ts(78,26): error TS2339: Property 'level' does not exist on type 'SelectQueryError<"column 'workflow_id' does not exist on 'claims'.">'.
src/app/api/claims/pending-approval/route.ts(78,54): error TS2339: Property 'products' does not exist on type 'SelectQueryError<"column 'workflow_id' does not exist on 'claims'.">'.
src/app/api/claims/pending-approval/route.ts(79,26): error TS2339: Property 'level' does not exist on type 'SelectQueryError<"column 'workflow_id' does not exist on 'claims'.">'.
src/app/api/claims/pending-approval/route.ts(79,57): error TS2339: Property 'ingredients' does not exist on type 'SelectQueryError<"column 'workflow_id' does not exist on 'claims'.">'.
src/app/api/claims/route.ts(312,91): error TS2345: Argument of type '"assign_workflow_to_claim"' is not assignable to parameter of type '"create_brand_and_set_admin" | "create_workflow_and_log_invitations" | "delete_brand_and_dependents" | "delete_template_and_update_content" | "delete_user_and_reassign_tasks" | ... 12 more ... | "update_workflow_and_handle_invites_invoker_version_temp"'.
src/app/api/content/scrape-recipe/route.ts(38,25): error TS2802: Type 'RegExpStringIterator<RegExpExecArray>' can only be iterated through when using the '--downlevelIteration' flag or with a '--target' of 'es2015' or higher.
src/app/api/users/route.ts(61,13): error TS2769: No overload matches this call.
  Overload 1 of 2, '(relation: "analytics" | "content" | "brand_selected_agencies" | "content_vetting_agencies" | "brands" | "profiles" | "master_claim_brands" | "claims" | "ingredients" | "products" | ... 18 more ... | "workflow_user_assignments"): PostgrestQueryBuilder<...>', gave the following error.
    Argument of type '"user_invitation_status"' is not assignable to parameter of type '"analytics" | "content" | "brand_selected_agencies" | "content_vetting_agencies" | "brands" | "profiles" | "master_claim_brands" | "claims" | "ingredients" | "products" | ... 18 more ... | "workflow_user_assignments"'.
  Overload 2 of 2, '(relation: "profiles_view"): PostgrestQueryBuilder<{ Tables: { analytics: { Row: { content_id: string | null; created_at: string | null; id: string; likes: number | null; shares: number | null; updated_at: string | null; views: number | null; }; Insert: { ...; }; Update: { ...; }; Relationships: [...]; }; ... 27 more ...; workflows: { ...; }; }; Views: { ...; }; Functions: { ...; }; Enums: { ...; }; CompositeTypes: {}; }, { ...; }, "profiles_view", []>', gave the following error.
    Argument of type '"user_invitation_status"' is not assignable to parameter of type '"profiles_view"'.
src/app/api/users/route.ts(111,46): error TS2339: Property 'invitation_status' does not exist on type '{ content_id: string | null; created_at: string | null; id: string; likes: number | null; shares: number | null; updated_at: string | null; views: number | null; } | { agency_id: string; brand_id: string; created_at: string | null; } | ... 26 more ... | { ...; }'.
  Property 'invitation_status' does not exist on type '{ content_id: string | null; created_at: string | null; id: string; likes: number | null; shares: number | null; updated_at: string | null; views: number | null; }'.
src/app/api/users/route.ts(112,50): error TS2339: Property 'expires_at' does not exist on type '{ content_id: string | null; created_at: string | null; id: string; likes: number | null; shares: number | null; updated_at: string | null; views: number | null; } | { agency_id: string; brand_id: string; created_at: string | null; } | ... 26 more ... | { ...; }'.
  Property 'expires_at' does not exist on type '{ content_id: string | null; created_at: string | null; id: string; likes: number | null; shares: number | null; updated_at: string | null; views: number | null; }'.
src/app/api/users/route.ts(113,40): error TS2339: Property 'user_status' does not exist on type '{ content_id: string | null; created_at: string | null; id: string; likes: number | null; shares: number | null; updated_at: string | null; views: number | null; } | { agency_id: string; brand_id: string; created_at: string | null; } | ... 26 more ... | { ...; }'.
  Property 'user_status' does not exist on type '{ content_id: string | null; created_at: string | null; id: string; likes: number | null; shares: number | null; updated_at: string | null; views: number | null; }'.
src/app/dashboard/page.tsx(194,83): error TS2339: Property 'full_name' does not exist on type '{ role: any; assigned_brands: any[]; }'.
src/app/dashboard/page.tsx(194,108): error TS2339: Property 'full_name' does not exist on type '{ role: any; assigned_brands: any[]; }'.
src/app/dashboard/page.tsx(250,25): error TS2322: Type '{ id: string; title: string; updated_at: string | null; brands: { name: string; } | null; }[]' is not assignable to type 'RecentItem[]'.
  Type '{ id: string; title: string; updated_at: string | null; brands: { name: string; } | null; }' is not assignable to type 'RecentItem'.
    Types of property 'updated_at' are incompatible.
      Type 'string | null' is not assignable to type 'string'.
        Type 'null' is not assignable to type 'string'.
src/app/dashboard/tools/history/[historyId]/page.tsx(182,24): error TS2802: Type 'Set<string>' can only be iterated through when using the '--downlevelIteration' flag or with a '--target' of 'es2015' or higher.
src/app/dashboard/tools/history/[historyId]/page.tsx(359,24): error TS2802: Type 'Set<string>' can only be iterated through when using the '--downlevelIteration' flag or with a '--target' of 'es2015' or higher.
